<?xml version="1.0" encoding="UTF-8"?>
<!-- Generated by org.testng.reporters.JUnitReportReporter -->
<testsuite hostname="DESKTOP-BN9CENM" failures="0" tests="2" name="com.maxBi.LogInTest" time="33.742" errors="0" timestamp="2021-05-27T14:54:54 CDT" skipped="0">
  <testcase classname="com.maxBi.LogInTest" name="verifyLogInTest" time="15.242"/>
  <system-out/>
  <testcase classname="com.maxBi.LogInTest" name="verifyPageTitleTest" time="18.500"/>
  <system-out/>
</testsuite> <!-- com.maxBi.LogInTest -->
